<?xml version="1.0" encoding="UTF-8"?>
<!-- Generated by org.testng.reporters.JUnitReportReporter -->
<testsuite hostname="LAPTOP-C05A25AI" failures="0" tests="1" name="guru99roject.Login" time="24.461" errors="0" timestamp="2022-11-06T18:23:16 IST" skipped="0">
  <testcase classname="guru99roject.Login" name="test_login" time="24.461"/>
  <system-out/>
</testsuite> <!-- guru99roject.Login -->
