<?xml version="1.0" encoding="UTF-8"?>
<!-- Generated by org.testng.reporters.JUnitReportReporter -->
<testsuite hostname="LAPTOP-C05A25AI" failures="0" tests="2" name="Selenium_Project.FirstProject.TestClass2" time="0.002" errors="0" timestamp="2021-12-12T07:13:23 IST" skipped="0">
  <testcase classname="Selenium_Project.FirstProject.TestClass2" name="method1" time="0.001"/>
  <system-out/>
  <testcase classname="Selenium_Project.FirstProject.TestClass2" name="method2" time="0.001"/>
  <system-out/>
</testsuite> <!-- Selenium_Project.FirstProject.TestClass2 -->
