<?xml version="1.0" encoding="UTF-8"?>
<!-- Generated by org.testng.reporters.JUnitReportReporter -->
<testsuite hostname="LAPTOP-C05A25AI" failures="0" tests="4" name="Selenium_Project.FirstProject.TestAssert.AssertsInSelenium" time="7.934" errors="0" timestamp="2021-12-15T08:10:17 IST" skipped="1">
  <testcase classname="Selenium_Project.FirstProject.TestAssert.AssertsInSelenium" name="verifyUserCansendMail" time="0.000"/>
  <system-out/>
  <testcase classname="Selenium_Project.FirstProject.TestAssert.AssertsInSelenium" name="checkingTitleofWebPage" time="7.934"/>
  <system-out/>
  <testcase classname="Selenium_Project.FirstProject.TestAssert.AssertsInSelenium" name="verifyUserCansendMail" time="0.000"/>
  <system-out/>
  <testcase classname="Selenium_Project.FirstProject.TestAssert.AssertsInSelenium" name="verifyUserCanLogin">
    <skipped/>
  </testcase> <!-- verifyUserCanLogin -->
  <system-out/>
</testsuite> <!-- Selenium_Project.FirstProject.TestAssert.AssertsInSelenium -->
