<?xml version="1.0" encoding="UTF-8"?>
<!-- Generated by org.testng.reporters.JUnitReportReporter -->
<testsuite hostname="LAPTOP-C05A25AI" failures="0" tests="2" name="test.TestPages" time="14.861" errors="0" timestamp="2021-12-15T08:10:17 IST" skipped="0">
  <testcase classname="test.TestPages" name="initial" time="8.201"/>
  <system-out/>
  <testcase classname="test.TestPages" name="testLogin" time="6.660"/>
  <system-out/>
</testsuite> <!-- test.TestPages -->
