<?xml version="1.0" encoding="UTF-8"?>
<!-- Generated by org.testng.reporters.JUnitReportReporter -->
<testsuite hostname="LAPTOP-C05A25AI" failures="0" tests="1" name="Selenium_Project.FirstProject.AnnotationInJava" time="0.021" errors="0" timestamp="2021-12-11T23:06:14 IST" skipped="0">
  <testcase classname="Selenium_Project.FirstProject.AnnotationInJava" name="verifyHomepageTitle" time="0.021"/>
  <system-out/>
</testsuite> <!-- Selenium_Project.FirstProject.AnnotationInJava -->
