<?xml version="1.0" encoding="UTF-8"?>
<!-- Generated by org.testng.reporters.JUnitReportReporter -->
<testsuite hostname="LAPTOP-C05A25AI" failures="0" tests="2" name="Selenium_Project.FirstProject.TestAssert.ScreenshotInSelenium" time="6.039" errors="0" timestamp="2021-12-15T08:10:17 IST" skipped="0">
  <testcase classname="Selenium_Project.FirstProject.TestAssert.ScreenshotInSelenium" name="takeScreenshot" time="2.558"/>
  <system-out/>
  <testcase classname="Selenium_Project.FirstProject.TestAssert.ScreenshotInSelenium" name="takeScreenshot" time="3.481"/>
  <system-out/>
</testsuite> <!-- Selenium_Project.FirstProject.TestAssert.ScreenshotInSelenium -->
