<?xml version="1.0" encoding="UTF-8"?>
<!-- Generated by org.testng.reporters.JUnitReportReporter -->
<testsuite hostname="LAPTOP-C05A25AI" failures="0" tests="1" name="Selenium_Project.FirstProject.BaseClassTest" time="0.004" errors="0" timestamp="2021-12-15T08:10:17 IST" skipped="0">
  <testcase classname="Selenium_Project.FirstProject.BaseClassTest" name="baseTest" time="0.004"/>
  <system-out/>
</testsuite> <!-- Selenium_Project.FirstProject.BaseClassTest -->
