<?xml version="1.0" encoding="UTF-8"?>
<!-- Generated by org.testng.reporters.JUnitReportReporter -->
<testsuite hostname="LAPTOP-C05A25AI" failures="0" tests="3" name="Selenium_Project.FirstProject.ATest" time="0.001" errors="0" timestamp="2021-12-15T08:10:17 IST" skipped="0">
  <testcase classname="Selenium_Project.FirstProject.ATest" name="baseTest" time="0.001"/>
  <system-out/>
  <testcase classname="Selenium_Project.FirstProject.ATest" name="method2" time="0.000"/>
  <system-out/>
  <testcase classname="Selenium_Project.FirstProject.ATest" name="method1" time="0.000"/>
  <system-out/>
</testsuite> <!-- Selenium_Project.FirstProject.ATest -->
