<?xml version="1.0" encoding="UTF-8"?>
<!-- Generated by org.testng.reporters.JUnitReportReporter -->
<testsuite hostname="LAPTOP-C05A25AI" failures="0" tests="3" name="Selenium_Project.FirstProject.TestAssert.TestAlertJavaScript" time="43.178" errors="0" timestamp="2021-12-14T22:27:19 IST" skipped="0">
  <testcase classname="Selenium_Project.FirstProject.TestAssert.TestAlertJavaScript" name="passScreenCapture" time="14.491"/>
  <system-out/>
  <testcase classname="Selenium_Project.FirstProject.TestAssert.TestAlertJavaScript" name="passScreenCapture" time="15.016"/>
  <system-out/>
  <testcase classname="Selenium_Project.FirstProject.TestAssert.TestAlertJavaScript" name="passScreenCapture" time="13.671"/>
  <system-out/>
</testsuite> <!-- Selenium_Project.FirstProject.TestAssert.TestAlertJavaScript -->
