<?xml version="1.0" encoding="UTF-8"?>
<!-- Generated by org.testng.reporters.JUnitReportReporter -->
<testsuite hostname="LAPTOP-C05A25AI" failures="0" tests="4" name="testngdemo.TestngDemo5" time="0.007" errors="0" timestamp="2022-03-29T21:18:21 IST" skipped="0">
  <testcase classname="testngdemo.TestngDemo5" name="test2TestDemo5" time="0.002"/>
  <system-out/>
  <testcase classname="testngdemo.TestngDemo5" name="test1" time="0.004"/>
  <system-out/>
  <testcase classname="testngdemo.TestngDemo5" name="test2" time="0.001"/>
  <system-out/>
  <testcase classname="testngdemo.TestngDemo5" name="test1TestDemo5" time="0.000"/>
  <system-out/>
</testsuite> <!-- testngdemo.TestngDemo5 -->
