<?xml version="1.0" encoding="UTF-8"?>
<!-- Generated by org.testng.reporters.JUnitReportReporter -->
<testsuite hostname="LAPTOP-C05A25AI" failures="0" tests="4" name="testngdemo.TestngDemo" time="11.533" errors="0" timestamp="2022-03-28T21:08:34 IST" skipped="0">
  <testcase classname="testngdemo.TestngDemo" name="test_initialize" time="3.946"/>
  <system-out/>
  <testcase classname="testngdemo.TestngDemo" name="test_exit" time="4.613"/>
  <system-out/>
  <testcase classname="testngdemo.TestngDemo" name="test_initialize" time="2.973"/>
  <system-out/>
  <testcase classname="testngdemo.TestngDemo" name="test" time="0.001"/>
  <system-out/>
</testsuite> <!-- testngdemo.TestngDemo -->
