<?xml version="1.0" encoding="UTF-8"?>
<!-- Generated by org.testng.reporters.JUnitReportReporter -->
<testsuite hostname="LAPTOP-C05A25AI" failures="0" tests="2" name="takescreenshot.TakeScreenshot" time="24.086" errors="0" timestamp="2022-03-30T20:58:37 IST" skipped="0">
  <testcase classname="takescreenshot.TakeScreenshot" name="verifyTitle" time="11.775"/>
  <system-out/>
  <testcase classname="takescreenshot.TakeScreenshot" name="verifyTitle1" time="12.311"/>
  <system-out/>
</testsuite> <!-- takescreenshot.TakeScreenshot -->
