<?xml version="1.0" encoding="UTF-8"?>
<!-- Generated by org.testng.reporters.JUnitReportReporter -->
<testsuite hostname="LAPTOP-C05A25AI" failures="0" tests="2" name="testngdemo.TestngDemo4" time="0.011" errors="0" timestamp="2022-03-29T21:11:27 IST" skipped="0">
  <testcase classname="testngdemo.TestngDemo4" name="test2" time="0.001"/>
  <system-out/>
  <testcase classname="testngdemo.TestngDemo4" name="test1" time="0.010"/>
  <system-out/>
</testsuite> <!-- testngdemo.TestngDemo4 -->
