<?xml version="1.0" encoding="UTF-8"?>
<!-- Generated by org.testng.reporters.JUnitReportReporter -->
<testsuite hostname="LAPTOP-C05A25AI" failures="0" tests="1" name="testngdemo.TestngDemo2" time="0.021" errors="0" timestamp="2022-03-29T20:50:18 IST" skipped="0">
  <testcase classname="testngdemo.TestngDemo2" name="verifyTitle" time="0.021"/>
  <system-out/>
</testsuite> <!-- testngdemo.TestngDemo2 -->
