<?xml version="1.0" encoding="UTF-8"?>
<!-- Generated by org.testng.reporters.JUnitReportReporter -->
<testsuite hostname="LAPTOP-C05A25AI" failures="0" tests="2" name="testngdemo.GoogleSearch2" time="54.306" errors="0" timestamp="2022-04-25T07:40:39 IST" skipped="0">
  <testcase classname="testngdemo.GoogleSearch2" name="chrome_search" time="31.757"/>
  <system-out/>
  <testcase classname="testngdemo.GoogleSearch2" name="edge_search" time="22.549"/>
  <system-out/>
</testsuite> <!-- testngdemo.GoogleSearch2 -->
