<?xml version="1.0" encoding="UTF-8"?>
<!-- Generated by org.testng.reporters.JUnitReportReporter -->
<testsuite hostname="LAPTOP-C05A25AI" failures="0" tests="2" name="testngdemo.GoogleSearch" time="10.932" errors="0" timestamp="2022-04-25T07:34:27 IST" skipped="0">
  <testcase classname="testngdemo.GoogleSearch" name="edge_search" time="5.068"/>
  <system-out/>
  <testcase classname="testngdemo.GoogleSearch" name="chrome_search" time="5.864"/>
  <system-out/>
</testsuite> <!-- testngdemo.GoogleSearch -->
