<?xml version="1.0" encoding="UTF-8"?>
<!-- Generated by org.testng.reporters.JUnitReportReporter -->
<testsuite hostname="LAPTOP-C05A25AI" failures="0" tests="2" name="testngdemo.FirstInTestNG" time="12.402" errors="0" timestamp="2022-04-25T07:13:44 IST" skipped="0">
  <testcase classname="testngdemo.FirstInTestNG" name="a_setup" time="12.265"/>
  <system-out/>
  <testcase classname="testngdemo.FirstInTestNG" name="exit" time="0.137"/>
  <system-out/>
</testsuite> <!-- testngdemo.FirstInTestNG -->
