<?xml version="1.0" encoding="UTF-8"?>
<!-- Generated by org.testng.reporters.JUnitReportReporter -->
<testsuite hostname="LAPTOP-C05A25AI" failures="0" tests="2" name="testdemo.AnnotationLifeCycle2" time="0.012" errors="0" timestamp="2022-09-06T21:02:22 IST" skipped="0">
  <testcase classname="testdemo.AnnotationLifeCycle2" name="test" time="0.009"/>
  <system-out/>
  <testcase classname="testdemo.AnnotationLifeCycle2" name="test1" time="0.003"/>
  <system-out/>
</testsuite> <!-- testdemo.AnnotationLifeCycle2 -->
