<?xml version="1.0" encoding="UTF-8"?>
<!-- Generated by org.testng.reporters.JUnitReportReporter -->
<testsuite hostname="LAPTOP-C05A25AI" failures="0" tests="1" name="Test.RegressionTest" time="0.002" errors="0" timestamp="2022-09-03T09:00:09 IST" skipped="0">
  <testcase classname="Test.RegressionTest" name="f" time="0.002"/>
  <system-out/>
</testsuite> <!-- Test.RegressionTest -->
