<?xml version="1.0" encoding="UTF-8"?>
<!-- Generated by org.testng.reporters.JUnitReportReporter -->
<testsuite hostname="LAPTOP-C05A25AI" failures="0" tests="2" name="testdemo.AnnotationLifeCycle" time="0.017" errors="0" timestamp="2022-09-06T21:02:22 IST" skipped="0">
  <testcase classname="testdemo.AnnotationLifeCycle" name="test" time="0.013"/>
  <system-out/>
  <testcase classname="testdemo.AnnotationLifeCycle" name="test1" time="0.004"/>
  <system-out/>
</testsuite> <!-- testdemo.AnnotationLifeCycle -->
