<?xml version="1.0" encoding="UTF-8"?>
<!-- Generated by org.testng.reporters.JUnitReportReporter -->
<testsuite hostname="LAPTOP-C05A25AI" failures="0" tests="6" name="testforxml.A" time="0.028" errors="0" timestamp="2022-09-06T20:16:41 IST" skipped="0">
  <testcase classname="testforxml.A" name="test_setup" time="0.001"/>
  <system-out/>
  <testcase classname="testforxml.A" name="test_setup" time="0.011"/>
  <system-out/>
  <testcase classname="testforxml.A" name="test_setup" time="0.002"/>
  <system-out/>
  <testcase classname="testforxml.A" name="test_close" time="0.012"/>
  <system-out/>
  <testcase classname="testforxml.A" name="test_setup" time="0.001"/>
  <system-out/>
  <testcase classname="testforxml.A" name="test_setup" time="0.001"/>
  <system-out/>
</testsuite> <!-- testforxml.A -->
