<?xml version="1.0" encoding="UTF-8"?>
<!-- Generated by org.testng.reporters.JUnitReportReporter -->
<testsuite hostname="LAPTOP-C05A25AI" failures="0" tests="2" name="testdemo.TestingBrowser" time="14.670" errors="0" timestamp="2022-09-06T20:40:28 IST" skipped="0">
  <testcase classname="testdemo.TestingBrowser" name="test_demo" time="6.742"/>
  <system-out/>
  <testcase classname="testdemo.TestingBrowser" name="test_login" time="7.928"/>
  <system-out/>
</testsuite> <!-- testdemo.TestingBrowser -->
