<?xml version="1.0" encoding="UTF-8"?>
<!-- Generated by org.testng.reporters.JUnitReportReporter -->
<testsuite hostname="LAPTOP-C05A25AI" failures="0" tests="6" name="testforxml.B" time="0.031" errors="0" timestamp="2022-09-06T20:16:41 IST" skipped="0">
  <testcase classname="testforxml.B" name="test_setup" time="0.003"/>
  <system-out/>
  <testcase classname="testforxml.B" name="test_setup" time="0.001"/>
  <system-out/>
  <testcase classname="testforxml.B" name="test_setup" time="0.001"/>
  <system-out/>
  <testcase classname="testforxml.B" name="test_close" time="0.013"/>
  <system-out/>
  <testcase classname="testforxml.B" name="test_setup" time="0.001"/>
  <system-out/>
  <testcase classname="testforxml.B" name="test_setup" time="0.012"/>
  <system-out/>
</testsuite> <!-- testforxml.B -->
