<?xml version="1.0" encoding="UTF-8"?>
<!-- Generated by org.testng.reporters.JUnitReportReporter -->
<testsuite hostname="LAPTOP-C05A25AI" failures="0" tests="1" name="Test.SmokeTest" time="0.007" errors="0" timestamp="2022-09-03T09:00:09 IST" skipped="0">
  <testcase classname="Test.SmokeTest" name="f" time="0.007"/>
  <system-out/>
</testsuite> <!-- Test.SmokeTest -->
