<?xml version="1.0" encoding="UTF-8"?>
<!-- Generated by org.testng.reporters.JUnitReportReporter -->
<testsuite hostname="LAPTOP-C05A25AI" failures="0" tests="4" name="DCTCFeb.TestMavenFeb.TestAnnotation3" time="0.016" errors="0" timestamp="2022-06-26T09:39:41 IST" skipped="0">
  <testcase classname="DCTCFeb.TestMavenFeb.TestAnnotation3" name="test_2" time="0.009"/>
  <system-out/>
  <testcase classname="DCTCFeb.TestMavenFeb.TestAnnotation3" name="test_1" time="0.003"/>
  <system-out/>
  <testcase classname="DCTCFeb.TestMavenFeb.TestAnnotation3" name="test_3" time="0.001"/>
  <system-out/>
  <testcase classname="DCTCFeb.TestMavenFeb.TestAnnotation3" name="test_1" time="0.003"/>
  <system-out/>
</testsuite> <!-- DCTCFeb.TestMavenFeb.TestAnnotation3 -->
