<?xml version="1.0" encoding="UTF-8"?>
<!-- Generated by org.testng.reporters.JUnitReportReporter -->
<testsuite hostname="LAPTOP-C05A25AI" failures="0" tests="2" name="DCTCFeb.TestMavenFeb.TestAnnotation" time="0.508" errors="0" timestamp="2022-06-26T08:50:43 IST" skipped="0">
  <testcase classname="DCTCFeb.TestMavenFeb.TestAnnotation" name="action_methods" time="0.487"/>
  <system-out/>
  <testcase classname="DCTCFeb.TestMavenFeb.TestAnnotation" name="verify_title" time="0.021"/>
  <system-out/>
</testsuite> <!-- DCTCFeb.TestMavenFeb.TestAnnotation -->
