<?xml version="1.0" encoding="UTF-8"?>
<!-- Generated by org.testng.reporters.JUnitReportReporter -->
<testsuite hostname="LAPTOP-C05A25AI" failures="0" tests="6" name="DCTCFeb.TestMavenFeb.TestAnnotation2" time="54.344" errors="0" timestamp="2022-06-26T09:56:07 IST" skipped="0">
  <testcase classname="DCTCFeb.TestMavenFeb.TestAnnotation2" name="test_2" time="6.956"/>
  <system-out/>
  <testcase classname="DCTCFeb.TestMavenFeb.TestAnnotation2" name="test_1" time="7.117"/>
  <system-out/>
  <testcase classname="DCTCFeb.TestMavenFeb.TestAnnotation2" name="test_1" time="7.020"/>
  <system-out/>
  <testcase classname="DCTCFeb.TestMavenFeb.TestAnnotation2" name="action_methods" time="17.876"/>
  <system-out/>
  <testcase classname="DCTCFeb.TestMavenFeb.TestAnnotation2" name="verify_title" time="8.334"/>
  <system-out/>
  <testcase classname="DCTCFeb.TestMavenFeb.TestAnnotation2" name="test_3" time="7.041"/>
  <system-out/>
</testsuite> <!-- DCTCFeb.TestMavenFeb.TestAnnotation2 -->
